<?xml version="1.0" encoding="UTF-8"?>
<!-- Generated by org.testng.reporters.JUnitXMLReporter -->
<testsuite ignored="0" hostname="DESKTOP-651GR1T" failures="0" tests="4" name="Test" time="33.683" errors="0" timestamp="2025-01-27T16:59:57 IST">
  <testcase classname="testCases.TC001_AccountRegistrationTest" name="verify_account_registration" time="6.515"/>
  <testcase classname="testCases.TC002_LoginTest" name="verify_login" time="3.761"/>
  <testcase classname="testCases.TC004_Search" name="searchtheitems" time="0.975"/>
  <testcase classname="testCases.TC005_CartTest" name="verify_cartpage" time="1.51"/>
</testsuite> <!-- Test -->
