<?xml version="1.0" encoding="UTF-8"?>
<!-- Generated by org.testng.reporters.JUnitXMLReporter -->
<testsuite ignored="0" hostname="DESKTOP-651GR1T" failures="0" tests="4" name="Test" time="17.917" errors="0" timestamp="2025-01-16T18:40:51 IST">
  <testcase classname="testCases.TC001_AccountRegistrationTest" name="verify_account_registration" time="2.776"/>
  <testcase classname="testCases.TC002_LoginTest" name="verify_login" time="1.764"/>
  <testcase classname="testCases.TC004_Search" name="searchtheitems" time="0.603"/>
  <testcase classname="testCases.TC005_CartTest" name="verify_cartpage" time="1.133"/>
</testsuite> <!-- Test -->
