<?xml version="1.0" encoding="UTF-8"?>
<testng-results ignored="0" total="4" passed="4" failed="0" skipped="0">
  <reporter-output>
  </reporter-output>
  <suite started-at="2025-01-27T16:59:22 IST" name="Master Suite" finished-at="2025-01-27T16:59:56 IST" duration-ms="33683">
    <groups>
      <group name="Master">
        <method signature="TC001_AccountRegistrationTest.verify_account_registration()[pri:0, instance:testCases.TC001_AccountRegistrationTest@26bab2f1]" name="verify_account_registration" class="testCases.TC001_AccountRegistrationTest"/>
        <method signature="TC002_LoginTest.verify_login()[pri:0, instance:testCases.TC002_LoginTest@6b53bcc2]" name="verify_login" class="testCases.TC002_LoginTest"/>
        <method signature="TC004_Search.searchtheitems()[pri:0, instance:testCases.TC004_Search@180da663]" name="searchtheitems" class="testCases.TC004_Search"/>
        <method signature="TC005_CartTest.verify_cartpage()[pri:0, instance:testCases.TC005_CartTest@a43ce46]" name="verify_cartpage" class="testCases.TC005_CartTest"/>
      </group> <!-- Master -->
      <group name="Sanity">
        <method signature="TC002_LoginTest.verify_login()[pri:0, instance:testCases.TC002_LoginTest@6b53bcc2]" name="verify_login" class="testCases.TC002_LoginTest"/>
      </group> <!-- Sanity -->
      <group name="Regression">
        <method signature="TC001_AccountRegistrationTest.verify_account_registration()[pri:0, instance:testCases.TC001_AccountRegistrationTest@26bab2f1]" name="verify_account_registration" class="testCases.TC001_AccountRegistrationTest"/>
      </group> <!-- Regression -->
    </groups>
    <test started-at="2025-01-27T16:59:22 IST" name="Test" finished-at="2025-01-27T16:59:56 IST" duration-ms="33683">
      <class name="testCases.TC005_CartTest">
        <test-method is-config="true" signature="setup(java.lang.String,java.lang.String)[pri:0, instance:testCases.TC005_CartTest@a43ce46]" started-at="2025-01-27T16:59:50 IST" name="setup" finished-at="2025-01-27T16:59:54 IST" duration-ms="4089" status="PASS">
          <params>
            <param index="0">
              <value>
                <![CDATA[windows]]>
              </value>
            </param>
            <param index="1">
              <value>
                <![CDATA[chrome]]>
              </value>
            </param>
          </params>
          <reporter-output>
          </reporter-output>
        </test-method> <!-- setup -->
        <test-method signature="verify_cartpage()[pri:0, instance:testCases.TC005_CartTest@a43ce46]" started-at="2025-01-27T16:59:54 IST" name="verify_cartpage" finished-at="2025-01-27T16:59:55 IST" duration-ms="1510" status="PASS">
          <reporter-output>
          </reporter-output>
        </test-method> <!-- verify_cartpage -->
        <test-method is-config="true" signature="tearDown()[pri:0, instance:testCases.TC005_CartTest@a43ce46]" started-at="2025-01-27T16:59:55 IST" name="tearDown" finished-at="2025-01-27T16:59:56 IST" duration-ms="313" status="PASS">
          <reporter-output>
          </reporter-output>
        </test-method> <!-- tearDown -->
      </class> <!-- testCases.TC005_CartTest -->
      <class name="testCases.TC002_LoginTest">
        <test-method is-config="true" signature="setup(java.lang.String,java.lang.String)[pri:0, instance:testCases.TC002_LoginTest@6b53bcc2]" started-at="2025-01-27T16:59:35 IST" name="setup" finished-at="2025-01-27T16:59:39 IST" duration-ms="4539" status="PASS">
          <params>
            <param index="0">
              <value>
                <![CDATA[windows]]>
              </value>
            </param>
            <param index="1">
              <value>
                <![CDATA[chrome]]>
              </value>
            </param>
          </params>
          <reporter-output>
          </reporter-output>
        </test-method> <!-- setup -->
        <test-method signature="verify_login()[pri:0, instance:testCases.TC002_LoginTest@6b53bcc2]" started-at="2025-01-27T16:59:39 IST" name="verify_login" finished-at="2025-01-27T16:59:43 IST" duration-ms="3761" status="PASS">
          <reporter-output>
          </reporter-output>
        </test-method> <!-- verify_login -->
        <test-method is-config="true" signature="tearDown()[pri:0, instance:testCases.TC002_LoginTest@6b53bcc2]" started-at="2025-01-27T16:59:43 IST" name="tearDown" finished-at="2025-01-27T16:59:43 IST" duration-ms="359" status="PASS">
          <reporter-output>
          </reporter-output>
        </test-method> <!-- tearDown -->
      </class> <!-- testCases.TC002_LoginTest -->
      <class name="testCases.TC004_Search">
        <test-method is-config="true" signature="setup(java.lang.String,java.lang.String)[pri:0, instance:testCases.TC004_Search@180da663]" started-at="2025-01-27T16:59:43 IST" name="setup" finished-at="2025-01-27T16:59:49 IST" duration-ms="5331" status="PASS">
          <params>
            <param index="0">
              <value>
                <![CDATA[windows]]>
              </value>
            </param>
            <param index="1">
              <value>
                <![CDATA[chrome]]>
              </value>
            </param>
          </params>
          <reporter-output>
          </reporter-output>
        </test-method> <!-- setup -->
        <test-method signature="searchtheitems()[pri:0, instance:testCases.TC004_Search@180da663]" started-at="2025-01-27T16:59:49 IST" name="searchtheitems" finished-at="2025-01-27T16:59:50 IST" duration-ms="975" status="PASS">
          <reporter-output>
          </reporter-output>
        </test-method> <!-- searchtheitems -->
        <test-method is-config="true" signature="tearDown()[pri:0, instance:testCases.TC004_Search@180da663]" started-at="2025-01-27T16:59:50 IST" name="tearDown" finished-at="2025-01-27T16:59:50 IST" duration-ms="324" status="PASS">
          <reporter-output>
          </reporter-output>
        </test-method> <!-- tearDown -->
      </class> <!-- testCases.TC004_Search -->
      <class name="testCases.TC001_AccountRegistrationTest">
        <test-method is-config="true" signature="setup(java.lang.String,java.lang.String)[pri:0, instance:testCases.TC001_AccountRegistrationTest@26bab2f1]" started-at="2025-01-27T16:59:23 IST" name="setup" finished-at="2025-01-27T16:59:28 IST" duration-ms="5059" status="PASS">
          <params>
            <param index="0">
              <value>
                <![CDATA[windows]]>
              </value>
            </param>
            <param index="1">
              <value>
                <![CDATA[chrome]]>
              </value>
            </param>
          </params>
          <reporter-output>
          </reporter-output>
        </test-method> <!-- setup -->
        <test-method signature="verify_account_registration()[pri:0, instance:testCases.TC001_AccountRegistrationTest@26bab2f1]" started-at="2025-01-27T16:59:28 IST" name="verify_account_registration" finished-at="2025-01-27T16:59:34 IST" duration-ms="6515" status="PASS">
          <reporter-output>
          </reporter-output>
        </test-method> <!-- verify_account_registration -->
        <test-method is-config="true" signature="tearDown()[pri:0, instance:testCases.TC001_AccountRegistrationTest@26bab2f1]" started-at="2025-01-27T16:59:34 IST" name="tearDown" finished-at="2025-01-27T16:59:35 IST" duration-ms="285" status="PASS">
          <reporter-output>
          </reporter-output>
        </test-method> <!-- tearDown -->
      </class> <!-- testCases.TC001_AccountRegistrationTest -->
    </test> <!-- Test -->
  </suite> <!-- Master Suite -->
</testng-results>
