<?xml version="1.0" encoding="UTF-8"?>
<testng-results ignored="0" total="4" passed="4" failed="0" skipped="0">
  <reporter-output>
  </reporter-output>
  <suite started-at="2025-07-24T14:56:32 IST" name="Master Suite" finished-at="2025-07-24T14:57:32 IST" duration-ms="59615">
    <groups>
      <group name="Master">
        <method signature="TC001_AccountRegistrationTest.verify_account_registration()[pri:0, instance:testCases.TC001_AccountRegistrationTest@1c3146bc]" name="verify_account_registration" class="testCases.TC001_AccountRegistrationTest"/>
        <method signature="TC002_LoginTest.verify_login()[pri:0, instance:testCases.TC002_LoginTest@7fe7c640]" name="verify_login" class="testCases.TC002_LoginTest"/>
        <method signature="TC004_Search.searchtheitems()[pri:0, instance:testCases.TC004_Search@4c4748bf]" name="searchtheitems" class="testCases.TC004_Search"/>
        <method signature="TC005_CartTest.verify_cartpage()[pri:0, instance:testCases.TC005_CartTest@7ce97ee5]" name="verify_cartpage" class="testCases.TC005_CartTest"/>
      </group> <!-- Master -->
      <group name="Sanity">
        <method signature="TC002_LoginTest.verify_login()[pri:0, instance:testCases.TC002_LoginTest@7fe7c640]" name="verify_login" class="testCases.TC002_LoginTest"/>
      </group> <!-- Sanity -->
      <group name="Regression">
        <method signature="TC001_AccountRegistrationTest.verify_account_registration()[pri:0, instance:testCases.TC001_AccountRegistrationTest@1c3146bc]" name="verify_account_registration" class="testCases.TC001_AccountRegistrationTest"/>
      </group> <!-- Regression -->
    </groups>
    <test started-at="2025-07-24T14:56:32 IST" name="Test" finished-at="2025-07-24T14:57:32 IST" duration-ms="59615">
      <class name="testCases.TC005_CartTest">
        <test-method is-config="true" signature="setup(java.lang.String,java.lang.String)[pri:0, instance:testCases.TC005_CartTest@7ce97ee5]" started-at="2025-07-24T14:57:15 IST" name="setup" finished-at="2025-07-24T14:57:29 IST" duration-ms="14237" status="PASS">
          <params>
            <param index="0">
              <value>
                <![CDATA[windows]]>
              </value>
            </param>
            <param index="1">
              <value>
                <![CDATA[chrome]]>
              </value>
            </param>
          </params>
          <reporter-output>
          </reporter-output>
        </test-method> <!-- setup -->
        <test-method signature="verify_cartpage()[pri:0, instance:testCases.TC005_CartTest@7ce97ee5]" started-at="2025-07-24T14:57:29 IST" name="verify_cartpage" finished-at="2025-07-24T14:57:32 IST" duration-ms="2404" status="PASS">
          <reporter-output>
          </reporter-output>
        </test-method> <!-- verify_cartpage -->
        <test-method is-config="true" signature="tearDown()[pri:0, instance:testCases.TC005_CartTest@7ce97ee5]" started-at="2025-07-24T14:57:32 IST" name="tearDown" finished-at="2025-07-24T14:57:32 IST" duration-ms="345" status="PASS">
          <reporter-output>
          </reporter-output>
        </test-method> <!-- tearDown -->
      </class> <!-- testCases.TC005_CartTest -->
      <class name="testCases.TC002_LoginTest">
        <test-method is-config="true" signature="setup(java.lang.String,java.lang.String)[pri:0, instance:testCases.TC002_LoginTest@7fe7c640]" started-at="2025-07-24T14:56:52 IST" name="setup" finished-at="2025-07-24T14:56:57 IST" duration-ms="5475" status="PASS">
          <params>
            <param index="0">
              <value>
                <![CDATA[windows]]>
              </value>
            </param>
            <param index="1">
              <value>
                <![CDATA[chrome]]>
              </value>
            </param>
          </params>
          <reporter-output>
          </reporter-output>
        </test-method> <!-- setup -->
        <test-method signature="verify_login()[pri:0, instance:testCases.TC002_LoginTest@7fe7c640]" started-at="2025-07-24T14:56:57 IST" name="verify_login" finished-at="2025-07-24T14:57:00 IST" duration-ms="2827" status="PASS">
          <reporter-output>
          </reporter-output>
        </test-method> <!-- verify_login -->
        <test-method is-config="true" signature="tearDown()[pri:0, instance:testCases.TC002_LoginTest@7fe7c640]" started-at="2025-07-24T14:57:00 IST" name="tearDown" finished-at="2025-07-24T14:57:00 IST" duration-ms="362" status="PASS">
          <reporter-output>
          </reporter-output>
        </test-method> <!-- tearDown -->
      </class> <!-- testCases.TC002_LoginTest -->
      <class name="testCases.TC004_Search">
        <test-method is-config="true" signature="setup(java.lang.String,java.lang.String)[pri:0, instance:testCases.TC004_Search@4c4748bf]" started-at="2025-07-24T14:57:00 IST" name="setup" finished-at="2025-07-24T14:57:14 IST" duration-ms="13380" status="PASS">
          <params>
            <param index="0">
              <value>
                <![CDATA[windows]]>
              </value>
            </param>
            <param index="1">
              <value>
                <![CDATA[chrome]]>
              </value>
            </param>
          </params>
          <reporter-output>
          </reporter-output>
        </test-method> <!-- setup -->
        <test-method signature="searchtheitems()[pri:0, instance:testCases.TC004_Search@4c4748bf]" started-at="2025-07-24T14:57:14 IST" name="searchtheitems" finished-at="2025-07-24T14:57:15 IST" duration-ms="1085" status="PASS">
          <reporter-output>
          </reporter-output>
        </test-method> <!-- searchtheitems -->
        <test-method is-config="true" signature="tearDown()[pri:0, instance:testCases.TC004_Search@4c4748bf]" started-at="2025-07-24T14:57:15 IST" name="tearDown" finished-at="2025-07-24T14:57:15 IST" duration-ms="287" status="PASS">
          <reporter-output>
          </reporter-output>
        </test-method> <!-- tearDown -->
      </class> <!-- testCases.TC004_Search -->
      <class name="testCases.TC001_AccountRegistrationTest">
        <test-method is-config="true" signature="setup(java.lang.String,java.lang.String)[pri:0, instance:testCases.TC001_AccountRegistrationTest@1c3146bc]" started-at="2025-07-24T14:56:33 IST" name="setup" finished-at="2025-07-24T14:56:44 IST" duration-ms="10820" status="PASS">
          <params>
            <param index="0">
              <value>
                <![CDATA[windows]]>
              </value>
            </param>
            <param index="1">
              <value>
                <![CDATA[chrome]]>
              </value>
            </param>
          </params>
          <reporter-output>
          </reporter-output>
        </test-method> <!-- setup -->
        <test-method signature="verify_account_registration()[pri:0, instance:testCases.TC001_AccountRegistrationTest@1c3146bc]" started-at="2025-07-24T14:56:44 IST" name="verify_account_registration" finished-at="2025-07-24T14:56:51 IST" duration-ms="7447" status="PASS">
          <reporter-output>
          </reporter-output>
        </test-method> <!-- verify_account_registration -->
        <test-method is-config="true" signature="tearDown()[pri:0, instance:testCases.TC001_AccountRegistrationTest@1c3146bc]" started-at="2025-07-24T14:56:51 IST" name="tearDown" finished-at="2025-07-24T14:56:52 IST" duration-ms="375" status="PASS">
          <reporter-output>
          </reporter-output>
        </test-method> <!-- tearDown -->
      </class> <!-- testCases.TC001_AccountRegistrationTest -->
    </test> <!-- Test -->
  </suite> <!-- Master Suite -->
</testng-results>
